<?xml version="1.0" encoding="UTF-8"?>
<!-- Generated by org.testng.reporters.JUnitXMLReporter -->
<testsuite hostname="WINCTRL-S7E21V6" ignored="0" name="Test" tests="3" failures="0" timestamp="06 Jun 2020 08:08:54 GMT" time="158.993" errors="0">
  <testcase name="@AfterTest stopDockerDeleteFile" time="45.019" classname="remoteTesting.dockerValidation.chromeTest1">
    <failure type="java.lang.AssertionError" message="expected [true] but found [false]">
      <![CDATA[java.lang.AssertionError: expected [true] but found [false]
at remoteTesting.dockerValidation.stopDocker.stopFile(stopDocker.java:49)
at remoteTesting.dockerValidation.chromeTest1.stopDockerDeleteFile(chromeTest1.java:29)
... Removed 32 stack frames]]>
    </failure>
  </testcase> <!-- @AfterTest stopDockerDeleteFile -->
  <testcase name="test1" time="46.323" classname="remoteTesting.dockerValidation.chromeTest1"/>
  <testcase name="test2" time="63.171" classname="remoteTesting.dockerValidation.chromeTest2"/>
  <testcase name="test3" time="76.438" classname="remoteTesting.dockerValidation.chromeTest3"/>
</testsuite> <!-- Test -->
